<?xml version="1.0" encoding="UTF-8"?>
<robot generator="Robot 3.1.2 (Python 3.8.5 on win32)" generated="20200817 10:40:07.403" rpa="false">
<suite id="s1" name="TestSitePractice" source="C:\projects\robot\SuiteSiteTestePracticePO\tests\TestSitePractice.robot">
<test id="s1-t1" name="Caso de Teste com PO 01: Remover Produtos do Carrinho">
<kw name="Abrir navegador" library="Resource" type="setup">
<kw name="Open Browser" library="SeleniumLibrary">
<doc>Opens a new browser instance to the optional ``url``.</doc>
<arguments>
<arg>about:blank</arg>
<arg>${BROWSER}</arg>
</arguments>
<msg timestamp="20200817 10:40:07.830" level="INFO">Opening browser 'headlesschrome' to base url 'about:blank'.</msg>
<status status="PASS" starttime="20200817 10:40:07.829" endtime="20200817 10:40:10.647"></status>
</kw>
<status status="PASS" starttime="20200817 10:40:07.828" endtime="20200817 10:40:10.648"></status>
</kw>
<kw name="Acessar a pàgina home do site" library="Home">
<kw name="Go To" library="SeleniumLibrary">
<doc>Navigates the current browser window to the provided ``url``.</doc>
<arguments>
<arg>${HOME_URL}</arg>
</arguments>
<msg timestamp="20200817 10:40:10.649" level="INFO">Opening url 'http://automationpractice.com'</msg>
<status status="PASS" starttime="20200817 10:40:10.649" endtime="20200817 10:40:15.481"></status>
</kw>
<kw name="Wait Until Element Is Visible" library="SeleniumLibrary">
<doc>Waits until the element ``locator`` is visible.</doc>
<arguments>
<arg>${HOME_TOPMENU}</arg>
</arguments>
<status status="PASS" starttime="20200817 10:40:15.481" endtime="20200817 10:40:15.547"></status>
</kw>
<kw name="Title Should Be" library="SeleniumLibrary">
<doc>Verifies that the current page title equals ``title``.</doc>
<arguments>
<arg>${HOME_TITLE}</arg>
</arguments>
<msg timestamp="20200817 10:40:15.553" level="INFO">Page title is 'My Store'.</msg>
<status status="PASS" starttime="20200817 10:40:15.547" endtime="20200817 10:40:15.553"></status>
</kw>
<status status="PASS" starttime="20200817 10:40:10.648" endtime="20200817 10:40:15.553"></status>
</kw>
<kw name="Adicionar o produto &quot;t-shirt&quot; no carrinho" library="Home">
<kw name="Digitar o nome do produto &quot;${PRODUTO}&quot; no campo de pesquisa" library="Home">
<kw name="Input Text" library="SeleniumLibrary">
<doc>Types the given ``text`` into the text field identified by ``locator``.</doc>
<arguments>
<arg>${HOME_FIELD_SEARCH}</arg>
<arg>${PRODUTO}</arg>
</arguments>
<msg timestamp="20200817 10:40:15.556" level="INFO">Typing text 't-shirt' into text field 'name=search_query'.</msg>
<status status="PASS" starttime="20200817 10:40:15.556" endtime="20200817 10:40:15.698"></status>
</kw>
<status status="PASS" starttime="20200817 10:40:15.555" endtime="20200817 10:40:15.698"></status>
</kw>
<kw name="Clicar no botão pesquisar" library="Home">
<kw name="Click Element" library="SeleniumLibrary">
<doc>Click the element identified by ``locator``.</doc>
<arguments>
<arg>${HOME_BTN_SEARCH}</arg>
</arguments>
<msg timestamp="20200817 10:40:15.699" level="INFO">Clicking element 'name=submit_search'.</msg>
<status status="PASS" starttime="20200817 10:40:15.699" endtime="20200817 10:40:16.522"></status>
</kw>
<status status="PASS" starttime="20200817 10:40:15.698" endtime="20200817 10:40:16.522"></status>
</kw>
<kw name="Clicar no botão &quot;Add to Cart&quot; do produto" library="Home">
<kw name="Wait Until Element Is Visible" library="SeleniumLibrary">
<doc>Waits until the element ``locator`` is visible.</doc>
<arguments>
<arg>${HOME_PRODUCT}</arg>
</arguments>
<status status="PASS" starttime="20200817 10:40:16.523" endtime="20200817 10:40:16.557"></status>
</kw>
<kw name="Click Element" library="SeleniumLibrary">
<doc>Click the element identified by ``locator``.</doc>
<arguments>
<arg>${HOME_PRODUCT}</arg>
</arguments>
<msg timestamp="20200817 10:40:16.558" level="INFO">Clicking element 'xpath=//*[@id="center_column"]//img[@alt="Faded Short Sleeve T-shirts"]'.</msg>
<status status="PASS" starttime="20200817 10:40:16.557" endtime="20200817 10:40:17.654"></status>
</kw>
<kw name="Wait Until Element Is Visible" library="SeleniumLibrary">
<doc>Waits until the element ``locator`` is visible.</doc>
<arguments>
<arg>${HOME_BTN_ADDCART}</arg>
</arguments>
<status status="PASS" starttime="20200817 10:40:17.654" endtime="20200817 10:40:17.680"></status>
</kw>
<kw name="Click Element" library="SeleniumLibrary">
<doc>Click the element identified by ``locator``.</doc>
<arguments>
<arg>${HOME_BTN_ADDCART}</arg>
</arguments>
<msg timestamp="20200817 10:40:17.680" level="INFO">Clicking element 'id=add_to_cart'.</msg>
<status status="PASS" starttime="20200817 10:40:17.680" endtime="20200817 10:40:17.749"></status>
</kw>
<status status="PASS" starttime="20200817 10:40:16.522" endtime="20200817 10:40:17.749"></status>
</kw>
<kw name="Clicar no botão &quot;Proceed to checkout&quot;" library="Home">
<kw name="Wait Until Element Is Visible" library="SeleniumLibrary">
<doc>Waits until the element ``locator`` is visible.</doc>
<arguments>
<arg>${HOME_BTN_CHECKOUT}</arg>
</arguments>
<status status="PASS" starttime="20200817 10:40:17.750" endtime="20200817 10:40:18.237"></status>
</kw>
<kw name="Click Element" library="SeleniumLibrary">
<doc>Click the element identified by ``locator``.</doc>
<arguments>
<arg>${HOME_BTN_CHECKOUT}</arg>
</arguments>
<msg timestamp="20200817 10:40:18.238" level="INFO">Clicking element 'xpath=//*[@id="layer_cart"]//a[@title="Proceed to checkout"]'.</msg>
<status status="PASS" starttime="20200817 10:40:18.238" endtime="20200817 10:40:19.015"></status>
</kw>
<status status="PASS" starttime="20200817 10:40:17.749" endtime="20200817 10:40:19.015"></status>
</kw>
<status status="PASS" starttime="20200817 10:40:15.555" endtime="20200817 10:40:19.015"></status>
</kw>
<kw name="Excluir o produto do carrinho" library="Carrinho">
<kw name="Title Should Be" library="SeleniumLibrary">
<doc>Verifies that the current page title equals ``title``.</doc>
<arguments>
<arg>${CARRINHO_TITLE}</arg>
</arguments>
<msg timestamp="20200817 10:40:19.022" level="INFO">Page title is 'Order - My Store'.</msg>
<status status="PASS" starttime="20200817 10:40:19.016" endtime="20200817 10:40:19.022"></status>
</kw>
<kw name="Click Element" library="SeleniumLibrary">
<doc>Click the element identified by ``locator``.</doc>
<arguments>
<arg>${CARRINHO_DELETE}</arg>
</arguments>
<msg timestamp="20200817 10:40:19.022" level="INFO">Clicking element 'xpath=//*[@class="cart_quantity_delete"]'.</msg>
<status status="PASS" starttime="20200817 10:40:19.022" endtime="20200817 10:40:19.095"></status>
</kw>
<status status="PASS" starttime="20200817 10:40:19.016" endtime="20200817 10:40:19.095"></status>
</kw>
<kw name="Conferir se o carrinho fica vazio" library="Carrinho">
<kw name="Wait Until Element Is Visible" library="SeleniumLibrary">
<doc>Waits until the element ``locator`` is visible.</doc>
<arguments>
<arg>${CARRINHO_MSG}</arg>
</arguments>
<status status="PASS" starttime="20200817 10:40:19.096" endtime="20200817 10:40:20.097"></status>
</kw>
<kw name="Element Text Should Be" library="SeleniumLibrary">
<doc>Verifies that element ``locator`` contains exact the text ``expected``.</doc>
<arguments>
<arg>${CARRINHO_MSG}</arg>
<arg>Your shopping cart is empty.</arg>
</arguments>
<msg timestamp="20200817 10:40:20.097" level="INFO">Verifying element 'xpath=//*[@id="center_column"]/p[@class="alert alert-warning"]' contains exact text 'Your shopping cart is empty.'.</msg>
<status status="PASS" starttime="20200817 10:40:20.097" endtime="20200817 10:40:20.121"></status>
</kw>
<status status="PASS" starttime="20200817 10:40:19.096" endtime="20200817 10:40:20.121"></status>
</kw>
<kw name="Fechar navegador" library="Resource" type="teardown">
<kw name="Capture Page Screenshot" library="SeleniumLibrary">
<doc>Takes a screenshot of the current page and embeds it into a log file.</doc>
<msg timestamp="20200817 10:40:20.377" level="INFO" html="yes">&lt;/td&gt;&lt;/tr&gt;&lt;tr&gt;&lt;td colspan="3"&gt;&lt;a href="selenium-screenshot-1.png"&gt;&lt;img src="selenium-screenshot-1.png" width="800px"&gt;&lt;/a&gt;</msg>
<status status="PASS" starttime="20200817 10:40:20.122" endtime="20200817 10:40:20.377"></status>
</kw>
<kw name="Close Browser" library="SeleniumLibrary">
<doc>Closes the current browser.</doc>
<status status="PASS" starttime="20200817 10:40:20.377" endtime="20200817 10:40:24.487"></status>
</kw>
<status status="PASS" starttime="20200817 10:40:20.122" endtime="20200817 10:40:24.487"></status>
</kw>
<status status="PASS" starttime="20200817 10:40:07.827" endtime="20200817 10:40:24.488" critical="yes"></status>
</test>
<status status="PASS" starttime="20200817 10:40:07.406" endtime="20200817 10:40:24.490"></status>
</suite>
<statistics>
<total>
<stat pass="1" fail="0">Critical Tests</stat>
<stat pass="1" fail="0">All Tests</stat>
</total>
<tag>
</tag>
<suite>
<stat pass="1" fail="0" id="s1" name="TestSitePractice">TestSitePractice</stat>
</suite>
</statistics>
<errors>
</errors>
</robot>
